<?xml version='1.0' encoding='UTF-8'?>
<testsuite hostname="mothership" name="dk.nuuday.digitalCommunications.voxbone.httpModels.VoxboneHttpRequestsTest" tests="10" errors="0" failures="0" skipped="0" time="0.273" timestamp="2022-01-18T12:21:42">
                     <properties>
      <property name="jline.esc.timeout" value="0"/><property name="jna.platform.library.path" value="/usr/lib64:/lib64:/usr/lib:/lib:/usr/lib32:/usr/lib/openmpi:/usr/lib/libfakeroot"/><property name="java.runtime.name" value="OpenJDK Runtime Environment"/><property name="sun.boot.library.path" value="/usr/lib/jvm/java-8-openjdk/jre/lib/amd64"/><property name="java.vm.version" value="25.312-b10"/><property name="java.vm.vendor" value="Oracle Corporation"/><property name="java.vendor.url" value="http://java.oracle.com/"/><property name="path.separator" value=":"/><property name="jna.loaded" value="true"/><property name="java.vm.name" value="OpenJDK 64-Bit Server VM"/><property name="file.encoding.pkg" value="sun.io"/><property name="user.country" value="DK"/><property name="sun.java.launcher" value="SUN_STANDARD"/><property name="sun.os.patch.level" value="unknown"/><property name="jna.nosys" value="true"/><property name="java.vm.specification.name" value="Java Virtual Machine Specification"/><property name="user.dir" value="/home/joni/tdc/development/libvoxbone.hg"/><property name="java.runtime.version" value="1.8.0_312-b10"/><property name="java.awt.graphicsenv" value="sun.awt.X11GraphicsEnvironment"/><property name="idea.managed" value="true"/><property name="java.endorsed.dirs" value="/usr/lib/jvm/java-8-openjdk/jre/lib/endorsed"/><property name="os.arch" value="amd64"/><property name="java.io.tmpdir" value="/tmp"/><property name="line.separator" value="
"/><property name="java.vm.specification.vendor" value="Oracle Corporation"/><property name="log4j.ignoreTCL" value="true"/><property name="os.name" value="Linux"/><property name="sun.jnu.encoding" value="UTF-8"/><property name="jnidispatch.path" value="/home/joni/.cache/JNA/temp/jna7711321988981438727.tmp"/><property name="java.library.path" value="/usr/java/packages/lib/amd64:/usr/lib64:/lib64:/lib:/usr/lib"/><property name="java.specification.name" value="Java Platform API Specification"/><property name="java.class.version" value="52.0"/><property name="sun.management.compiler" value="HotSpot 64-Bit Tiered Compilers"/><property name="os.version" value="5.10.89-1-MANJARO"/><property name="swoval.tmpdir" value="/home/joni/.sbt/1.0"/><property name="user.home" value="/home/joni"/><property name="user.timezone" value="Europe/Copenhagen"/><property name="java.awt.printerjob" value="sun.print.PSPrinterJob"/><property name="idea.installation.dir" value="/home/joni/.local/share/JetBrains/Toolbox/apps/IDEA-U/ch-0/213.5744.223"/><property name="file.encoding" value="UTF-8"/><property name="java.specification.version" value="1.8"/><property name="java.class.path" value="/home/joni/.local/share/JetBrains/Toolbox/apps/IDEA-U/ch-0/213.5744.223.plugins/Scala/launcher/sbt-launch.jar"/><property name="user.name" value="joni"/><property name="jline.shutdownhook" value="false"/><property name="java.vm.specification.version" value="1.8"/><property name="sun.java.command" value="/home/joni/.local/share/JetBrains/Toolbox/apps/IDEA-U/ch-0/213.5744.223.plugins/Scala/launcher/sbt-launch.jar early(addPluginSbtFile=&quot;&quot;&quot;/tmp/idea1.sbt&quot;&quot;&quot;) ; set ideaPort in Global := 34731 ; idea-shell"/><property name="java.home" value="/usr/lib/jvm/java-8-openjdk/jre"/><property name="sun.arch.data.model" value="64"/><property name="user.language" value="en"/><property name="java.specification.vendor" value="Oracle Corporation"/><property name="awt.toolkit" value="sun.awt.X11.XToolkit"/><property name="java.vm.info" value="mixed mode"/><property name="java.version" value="1.8.0_312"/><property name="java.ext.dirs" value="/usr/lib/jvm/java-8-openjdk/jre/lib/ext:/usr/java/packages/lib/ext"/><property name="sun.boot.class.path" value="/usr/lib/jvm/java-8-openjdk/jre/lib/resources.jar:/usr/lib/jvm/java-8-openjdk/jre/lib/rt.jar:/usr/lib/jvm/java-8-openjdk/jre/lib/sunrsasign.jar:/usr/lib/jvm/java-8-openjdk/jre/lib/jsse.jar:/usr/lib/jvm/java-8-openjdk/jre/lib/jce.jar:/usr/lib/jvm/java-8-openjdk/jre/lib/charsets.jar:/usr/lib/jvm/java-8-openjdk/jre/lib/jfr.jar:/usr/lib/jvm/java-8-openjdk/jre/classes"/><property name="java.vendor" value="Oracle Corporation"/><property name="file.separator" value="/"/><property name="java.vendor.url.bug" value="http://bugreport.sun.com/bugreport/"/><property name="sbt.supershell" value="false"/><property name="sun.io.unicode.encoding" value="UnicodeLittle"/><property name="sun.cpu.endian" value="little"/><property name="sun.cpu.isalist" value=""/>
    </properties>
                     <testcase classname="dk.nuuday.digitalCommunications.voxbone.httpModels.VoxboneHttpRequestsTest" name="A VoxboneHttpRequests should be able to parse queryparameters if there is an empty set of queryParameters" time="0.01">
                                                 
                                               </testcase><testcase classname="dk.nuuday.digitalCommunications.voxbone.httpModels.VoxboneHttpRequestsTest" name="A VoxboneHttpRequests should be able to parse a QueryParameters to String if there is only 1." time="0.0">
                                                 
                                               </testcase><testcase classname="dk.nuuday.digitalCommunications.voxbone.httpModels.VoxboneHttpRequestsTest" name="A VoxboneHttpRequests should be able to parse several QueryParameters in correct format" time="0.0">
                                                 
                                               </testcase><testcase classname="dk.nuuday.digitalCommunications.voxbone.httpModels.VoxboneHttpRequestsTest" name="A VoxboneHttpRequests should not create queryParameters if there is None" time="0.0">
                                                 
                                               </testcase><testcase classname="dk.nuuday.digitalCommunications.voxbone.httpModels.VoxboneHttpRequestsTest" name="A VoxboneHttpRequests Should generate a valid HttpRequest using listNumberInventoryRequest method" time="0.112">
                                                 
                                               </testcase><testcase classname="dk.nuuday.digitalCommunications.voxbone.httpModels.VoxboneHttpRequestsTest" name="json parser should be able to parse and serialize json as provided from the API and parse it into a Did class" time="0.145">
                                                 
                                               </testcase><testcase classname="dk.nuuday.digitalCommunications.voxbone.httpModels.VoxboneHttpRequestsTest" name="json parser should be able to serialize jsonString to NumberInventory" time="0.0">
                                                 
                                               </testcase><testcase classname="dk.nuuday.digitalCommunications.voxbone.httpModels.VoxboneHttpRequestsTest" name="json parser should be able to serialize Cart" time="0.0">
                                                 
                                               </testcase><testcase classname="dk.nuuday.digitalCommunications.voxbone.httpModels.VoxboneHttpRequestsTest" name="json parser should be able to parse voiceUris" time="0.001">
                                                 
                                               </testcase><testcase classname="dk.nuuday.digitalCommunications.voxbone.httpModels.VoxboneHttpRequestsTest" name="json parser should be able to parse ChangeVoiceResponse" time="0.005">
                                                 
                                               </testcase>
                     <system-out><![CDATA[]]></system-out>
                     <system-err><![CDATA[]]></system-err>
                   </testsuite>